Arguments: 
  /home/john/.nvm/versions/node/v10.3.0/bin/node /usr/share/yarn/bin/yarn.js add demux dontenv

PATH: 
  /home/john/.nvm/versions/node/v10.3.0/bin:/usr/local/sbin:/usr/local/bin:/usr/sbin:/usr/bin:/sbin:/bin:/usr/games:/usr/local/games:/snap/bin:/usr/local/go/bin:/home/john/go/bin:/home/john/Android/Sdk/emulator:/home/john/flutter/flutter/bin:/home/john/Android/Sdk/emulator:/home/john/flutter/flutter/bin

Yarn version: 
  1.12.3

Node version: 
  10.3.0

Platform: 
  linux x64

Trace: 
  Error: https://registry.yarnpkg.com/dontenv: Not found
      at Request.params.callback [as _callback] (/usr/share/yarn/lib/cli.js:65894:18)
      at Request.self.callback (/usr/share/yarn/lib/cli.js:129018:22)
      at Request.emit (events.js:182:13)
      at Request.<anonymous> (/usr/share/yarn/lib/cli.js:129990:10)
      at Request.emit (events.js:182:13)
      at IncomingMessage.<anonymous> (/usr/share/yarn/lib/cli.js:129912:12)
      at Object.onceWrapper (events.js:273:13)
      at IncomingMessage.emit (events.js:187:15)
      at endReadableNT (_stream_readable.js:1090:12)
      at process._tickCallback (internal/process/next_tick.js:63:19)

npm manifest: 
  {
    "name": "miniBackend",
    "version": "1.0.0",
    "main": "index.js",
    "author": "John Williamson",
    "license": "AGPLv3",
    "dependencies": {
      "typescript": "^3.3.3333"
    }
  }

yarn manifest: 
  No manifest

Lockfile: 
  # THIS IS AN AUTOGENERATED FILE. DO NOT EDIT THIS FILE DIRECTLY.
  # yarn lockfile v1
  
  
  typescript@^3.3.3333:
    version "3.3.3333"
    resolved "https://registry.yarnpkg.com/typescript/-/typescript-3.3.3333.tgz#171b2c5af66c59e9431199117a3bcadc66fdcfd6"
    integrity sha512-JjSKsAfuHBE/fB2oZ8NxtRTk5iGcg6hkYXMnZ3Wc+b2RSqejEqTaem11mHASMnFilHrax3sLK0GDzcJrekZYLw==
